Vivado Simulator v2024.2.0
Copyright 1986-2022 Xilinx, Inc. All Rights Reserved.
Copyright 2022-2024 Advanced Micro Devices, Inc. All Rights Reserved.
Running: D:/Xilinx/Vivado/2024.2/bin/unwrapped/win64.o/xelab.exe --incr --debug typical --relax --mt 2 -L xil_defaultlib -L uvm -L unisims_ver -L unimacro_ver -L secureip --snapshot tb_neuralnetwork_behav xil_defaultlib.tb_neuralnetwork xil_defaultlib.glbl -log elaborate.log 
Using 2 slave threads.
Starting static elaboration
Pass Through NonSizing Optimizer
Completed static elaboration
Starting simulation data flow analysis
Completed simulation data flow analysis
Time Resolution for simulation is 1ps
Compiling module xil_defaultlib.register(WIDTH=32'b01100110111,B...
Compiling module xil_defaultlib.multiplier(BITS=31)
Compiling module xil_defaultlib.adder(BITS=31)
Compiling module xil_defaultlib.ReLu(BITS=31,COUNTER_END=32'b011...
Compiling module xil_defaultlib.neuron(NEURON_WIDTH=32'b01100110...
Compiling module xil_defaultlib.counter(END_COUNTER=32'b01100110...
Compiling module xil_defaultlib.layer(LAYER_NEURON_WIDTH=32'b011...
Compiling module xil_defaultlib.register(WIDTH=32'b0110001,BITS=...
Compiling module xil_defaultlib.register(WIDTH=32'b0110001,BITS=...
Compiling module xil_defaultlib.multiplier(BITS=39)
Compiling module xil_defaultlib.adder(BITS=39)
Compiling module xil_defaultlib.ReLu(BITS=39,COUNTER_END=32'b010...
Compiling module xil_defaultlib.neuron(NEURON_WIDTH=32'b0110001,...
Compiling module xil_defaultlib.counter(END_COUNTER=32'b0101000)
Compiling module xil_defaultlib.layer(LAYER_NEURON_WIDTH=32'b011...
Compiling module xil_defaultlib.neural_network(LAYER2_BITS=39)
Compiling module xil_defaultlib.softmax(LAYER2_BITS=39)
Compiling module xil_defaultlib.argmax(LAYER2_BITS=39)
Compiling module xil_defaultlib.tb_neuralnetwork
Compiling module xil_defaultlib.glbl
Built simulation snapshot tb_neuralnetwork_behav
