INFO: [VRFC 10-2263] Analyzing Verilog file "E:/IIT Madras/Neurospike/Neurospike.srcs/sources_1/imports/Neurospike/arithmetic/adder.v" into library xil_defaultlib
INFO: [VRFC 10-311] analyzing module brentkung_32bit
INFO: [VRFC 10-311] analyzing module brentkung_64bit
INFO: [VRFC 10-311] analyzing module g2bits
INFO: [VRFC 10-311] analyzing module p2bits
INFO: [VRFC 10-2263] Analyzing Verilog file "E:/IIT Madras/Neurospike/Neurospike.srcs/sources_1/imports/Neurospike/arithmetic/arithmetic.v" into library xil_defaultlib
INFO: [VRFC 10-311] analyzing module Q8_24_adder
INFO: [VRFC 10-311] analyzing module Q8_24_multiplier
INFO: [VRFC 10-311] analyzing module Q8_24_negate
INFO: [VRFC 10-2263] Analyzing Verilog file "E:/IIT Madras/Neurospike/Neurospike.srcs/sources_1/imports/Neurospike/trigonometry/clamp.v" into library xil_defaultlib
INFO: [VRFC 10-311] analyzing module partial_mod_2pi
INFO: [VRFC 10-311] analyzing module place_quadrant
INFO: [VRFC 10-2263] Analyzing Verilog file "E:/IIT Madras/Neurospike/Neurospike.srcs/sources_1/imports/Neurospike/trigonometry/cordic.v" into library xil_defaultlib
INFO: [VRFC 10-311] analyzing module cordic
INFO: [VRFC 10-2263] Analyzing Verilog file "E:/IIT Madras/Neurospike/Neurospike.srcs/sources_1/imports/Neurospike/arithmetic/multiplier.v" into library xil_defaultlib
INFO: [VRFC 10-311] analyzing module wallace_8bit
INFO: [VRFC 10-311] analyzing module wallace_32bit
INFO: [VRFC 10-311] analyzing module full_adder
INFO: [VRFC 10-311] analyzing module half_adder
INFO: [VRFC 10-2263] Analyzing Verilog file "E:/IIT Madras/Neurospike/Neurospike.srcs/sources_1/imports/Neurospike/oscillator.v" into library xil_defaultlib
INFO: [VRFC 10-311] analyzing module oscillator_step
INFO: [VRFC 10-311] analyzing module oscillator_solver
INFO: [VRFC 10-2263] Analyzing Verilog file "E:/IIT Madras/Neurospike/Neurospike.srcs/sources_1/imports/Neurospike/trigonometry/trigonometry.v" into library xil_defaultlib
INFO: [VRFC 10-311] analyzing module trigonometry
INFO: [VRFC 10-2263] Analyzing Verilog file "E:/IIT Madras/Neurospike/Neurospike.srcs/sources_1/new/testbench_oscillator.v" into library xil_defaultlib
INFO: [VRFC 10-311] analyzing module testbench_oscillator
