Flow report for nn_rgb
Fri Mar 14 11:55:56 2025
Quartus Prime Version 23.1std.1 Build 993 05/14/2024 SC Lite Edition


---------------------
; Table of Contents ;
---------------------
  1. Legal Notice
  2. Flow Summary
  3. Flow Settings
  4. Flow Non-Default Global Settings
  5. Flow Elapsed Time
  6. Flow OS Summary
  7. Flow Log
  8. Flow Messages
  9. Flow Suppressed Messages



----------------
; Legal Notice ;
----------------
Copyright (C) 2024  Intel Corporation. All rights reserved.
Your use of Intel Corporation's design tools, logic functions 
and other software and tools, and any partner logic 
functions, and any output files from any of the foregoing 
(including device programming or simulation files), and any 
associated documentation or information are expressly subject 
to the terms and conditions of the Intel Program License 
Subscription Agreement, the Intel Quartus Prime License Agreement,
the Intel FPGA IP License Agreement, or other applicable license
agreement, including, without limitation, that your use is for
the sole purpose of programming logic devices manufactured by
Intel and sold by Intel or its authorized distributors.  Please
refer to the applicable agreement for further details, at
https://fpgasoftware.intel.com/eula.



+-------------------------------------------------------------------------------------+
; Flow Summary                                                                        ;
+------------------------------------+------------------------------------------------+
; Flow Status                        ; Successful - Fri Mar 14 11:55:56 2025          ;
; Quartus Prime Version              ; 23.1std.1 Build 993 05/14/2024 SC Lite Edition ;
; Revision Name                      ; nn_rgb                                         ;
; Top-level Entity Name              ; nn_rgb                                         ;
; Family                             ; Cyclone IV E                                   ;
; Device                             ; EP4CE115F29I8L                                 ;
; Timing Models                      ; Final                                          ;
; Total logic elements               ; 1,631 / 114,480 ( 1 % )                        ;
;     Total combinational functions  ; 1,548 / 114,480 ( 1 % )                        ;
;     Dedicated logic registers      ; 792 / 114,480 ( < 1 % )                        ;
; Total registers                    ; 792                                            ;
; Total pins                         ; 63 / 529 ( 12 % )                              ;
; Total virtual pins                 ; 0                                              ;
; Total memory bits                  ; 294,960 / 3,981,312 ( 7 % )                    ;
; Embedded Multiplier 9-bit elements ; 0 / 532 ( 0 % )                                ;
; Total PLLs                         ; 0 / 4 ( 0 % )                                  ;
+------------------------------------+------------------------------------------------+


+-----------------------------------------+
; Flow Settings                           ;
+-------------------+---------------------+
; Option            ; Setting             ;
+-------------------+---------------------+
; Start date & time ; 03/13/2025 02:31:39 ;
; Main task         ; Compilation         ;
; Revision Name     ; nn_rgb              ;
+-------------------+---------------------+


+------------------------------------------------------------------------------------------------------------------------------------------------+
; Flow Non-Default Global Settings                                                                                                               ;
+-------------------------------------+----------------------------------------+---------------+-------------+-----------------------------------+
; Assignment Name                     ; Value                                  ; Default Value ; Entity Name ; Section Id                        ;
+-------------------------------------+----------------------------------------+---------------+-------------+-----------------------------------+
; COMPILER_SIGNATURE_ID               ; 44669460448228.174181329913272         ; --            ; --          ; --                                ;
; EDA_GENERATE_FUNCTIONAL_NETLIST     ; Off                                    ; --            ; --          ; eda_board_design_timing           ;
; EDA_GENERATE_FUNCTIONAL_NETLIST     ; Off                                    ; --            ; --          ; eda_board_design_boundary_scan    ;
; EDA_GENERATE_FUNCTIONAL_NETLIST     ; Off                                    ; --            ; --          ; eda_board_design_signal_integrity ;
; EDA_GENERATE_FUNCTIONAL_NETLIST     ; Off                                    ; --            ; --          ; eda_board_design_symbol           ;
; EDA_OUTPUT_DATA_FORMAT              ; Verilog Hdl                            ; --            ; --          ; eda_simulation                    ;
; EDA_SIMULATION_TOOL                 ; Questa Intel FPGA (Verilog)            ; <None>        ; --          ; --                                ;
; EDA_TIME_SCALE                      ; 1 ps                                   ; --            ; --          ; eda_simulation                    ;
; FLOW_ENABLE_POWER_ANALYZER          ; On                                     ; Off           ; --          ; --                                ;
; MAX_CORE_JUNCTION_TEMP              ; 100                                    ; --            ; --          ; --                                ;
; MIN_CORE_JUNCTION_TEMP              ; -40                                    ; --            ; --          ; --                                ;
; PARTITION_COLOR                     ; -- (Not supported for targeted family) ; --            ; --          ; Top                               ;
; PARTITION_FITTER_PRESERVATION_LEVEL ; -- (Not supported for targeted family) ; --            ; --          ; Top                               ;
; PARTITION_NETLIST_TYPE              ; -- (Not supported for targeted family) ; --            ; --          ; Top                               ;
; POWER_BOARD_THERMAL_MODEL           ; None (CONSERVATIVE)                    ; --            ; --          ; --                                ;
; POWER_PRESET_COOLING_SOLUTION       ; 23 MM HEAT SINK WITH 200 LFPM AIRFLOW  ; --            ; --          ; --                                ;
; PROJECT_OUTPUT_DIRECTORY            ; output_files                           ; --            ; --          ; --                                ;
+-------------------------------------+----------------------------------------+---------------+-------------+-----------------------------------+


+--------------------------------------------------------------------------------------------------------------------------+
; Flow Elapsed Time                                                                                                        ;
+----------------------+--------------+-------------------------+---------------------+------------------------------------+
; Module Name          ; Elapsed Time ; Average Processors Used ; Peak Virtual Memory ; Total CPU Time (on all processors) ;
+----------------------+--------------+-------------------------+---------------------+------------------------------------+
; Analysis & Synthesis ; 00:00:21     ; 1.0                     ; 4989 MB             ; 00:00:38                           ;
; Fitter               ; 00:00:40     ; 1.2                     ; 6625 MB             ; 00:01:14                           ;
; Assembler            ; 00:00:04     ; 1.0                     ; 4994 MB             ; 00:00:04                           ;
; Power Analyzer       ; 00:00:13     ; 1.3                     ; 5208 MB             ; 00:00:13                           ;
; Timing Analyzer      ; 00:00:03     ; 2.5                     ; 5023 MB             ; 00:00:05                           ;
; EDA Netlist Writer   ; 00:00:01     ; 1.0                     ; 4680 MB             ; 00:00:01                           ;
; Power Analyzer       ; 00:00:10     ; 1.4                     ; 5208 MB             ; 00:00:11                           ;
; Power Analyzer       ; 00:00:10     ; 1.4                     ; 5207 MB             ; 00:00:11                           ;
; Power Analyzer       ; 00:00:08     ; 1.4                     ; 5207 MB             ; 00:00:07                           ;
; Total                ; 00:01:50     ; --                      ; --                  ; 00:02:44                           ;
+----------------------+--------------+-------------------------+---------------------+------------------------------------+


+------------------------------------------------------------------------------------+
; Flow OS Summary                                                                    ;
+----------------------+------------------+------------+------------+----------------+
; Module Name          ; Machine Hostname ; OS Name    ; OS Version ; Processor type ;
+----------------------+------------------+------------+------------+----------------+
; Analysis & Synthesis ; LAPTOP-3KHRHCPP  ; Windows 10 ; 10.0       ; x86_64         ;
; Fitter               ; LAPTOP-3KHRHCPP  ; Windows 10 ; 10.0       ; x86_64         ;
; Assembler            ; LAPTOP-3KHRHCPP  ; Windows 10 ; 10.0       ; x86_64         ;
; Power Analyzer       ; LAPTOP-3KHRHCPP  ; Windows 10 ; 10.0       ; x86_64         ;
; Timing Analyzer      ; LAPTOP-3KHRHCPP  ; Windows 10 ; 10.0       ; x86_64         ;
; EDA Netlist Writer   ; LAPTOP-3KHRHCPP  ; Windows 10 ; 10.0       ; x86_64         ;
; Power Analyzer       ; LAPTOP-3KHRHCPP  ; Windows 10 ; 10.0       ; x86_64         ;
; Power Analyzer       ; LAPTOP-3KHRHCPP  ; Windows 10 ; 10.0       ; x86_64         ;
; Power Analyzer       ; LAPTOP-3KHRHCPP  ; Windows 10 ; 10.0       ; x86_64         ;
+----------------------+------------------+------------+------------+----------------+


------------
; Flow Log ;
------------
quartus_map --read_settings_files=on --write_settings_files=off ann -c nn_rgb
quartus_fit --read_settings_files=off --write_settings_files=off ann -c nn_rgb
quartus_asm --read_settings_files=off --write_settings_files=off ann -c nn_rgb
quartus_pow --read_settings_files=off --write_settings_files=off ann -c nn_rgb
quartus_sta ann -c nn_rgb
quartus_eda --read_settings_files=off --write_settings_files=off ann -c nn_rgb
quartus_pow --read_settings_files=on --write_settings_files=off ann -c nn_rgb
quartus_pow --read_settings_files=on --write_settings_files=off ann -c nn_rgb
quartus_pow --read_settings_files=on --write_settings_files=off ann -c nn_rgb



